Loading intel-20.4/compilers
  Loading requirement: intel-license gcc/10.2.0 intel-20.4/cc intel-20.4/fc
########################################################
Number of threads: 6.  Schedule type: static, Chunk size: 0
Loop 1 check: Sum of xx is 8806547.757320
Total time for 1000 reps of loop 1 = 3.837151
Loop 2 check: zz is 6100.290115
Total time for 1000 reps of loop 2 = 9.904190
########################################################
Number of threads: 6.  Schedule type: static, Chunk size: 0
Loop 1 check: Sum of xx is 8806547.757320
Total time for 1000 reps of loop 1 = 3.852432
Loop 2 check: zz is 6100.290115
Total time for 1000 reps of loop 2 = 10.680745
########################################################
Number of threads: 6.  Schedule type: static, Chunk size: 0
Loop 1 check: Sum of xx is 8806547.757320
Total time for 1000 reps of loop 1 = 3.929162
Loop 2 check: zz is 6100.290115
Total time for 1000 reps of loop 2 = 10.731105
########################################################
Number of threads: 6.  Schedule type: static, Chunk size: 0
Loop 1 check: Sum of xx is 8806547.757320
Total time for 1000 reps of loop 1 = 3.789455
Loop 2 check: zz is 6100.290115
Total time for 1000 reps of loop 2 = 10.739862
########################################################
Number of threads: 6.  Schedule type: static, Chunk size: 0
Loop 1 check: Sum of xx is 8806547.757320
Total time for 1000 reps of loop 1 = 3.918896
Loop 2 check: zz is 6100.290115
Total time for 1000 reps of loop 2 = 10.744200
########################################################
Number of threads: 6.  Schedule type: auto, Chunk size: 1
Loop 1 check: Sum of xx is 8806547.757320
Total time for 1000 reps of loop 1 = 2.143879
Loop 2 check: zz is 6100.290115
Total time for 1000 reps of loop 2 = 9.336838
########################################################
Number of threads: 6.  Schedule type: auto, Chunk size: 1
Loop 1 check: Sum of xx is 8806547.757320
Total time for 1000 reps of loop 1 = 2.114845
Loop 2 check: zz is 6100.290115
Total time for 1000 reps of loop 2 = 9.337014
########################################################
Number of threads: 6.  Schedule type: auto, Chunk size: 1
Loop 1 check: Sum of xx is 8806547.757320
Total time for 1000 reps of loop 1 = 2.120001
Loop 2 check: zz is 6100.290115
Total time for 1000 reps of loop 2 = 9.243181
########################################################
Number of threads: 6.  Schedule type: auto, Chunk size: 1
Loop 1 check: Sum of xx is 8806547.757320
Total time for 1000 reps of loop 1 = 2.132649
Loop 2 check: zz is 6100.290115
Total time for 1000 reps of loop 2 = 8.972033
########################################################
Number of threads: 6.  Schedule type: auto, Chunk size: 1
Loop 1 check: Sum of xx is 8806547.757320
Total time for 1000 reps of loop 1 = 2.135239
Loop 2 check: zz is 6100.290115
Total time for 1000 reps of loop 2 = 9.282015
########################################################
Number of threads: 6.  Schedule type: static, Chunk size: 1
Loop 1 check: Sum of xx is 8806547.757320
Total time for 1000 reps of loop 1 = 2.182573
Loop 2 check: zz is 6100.290115
Total time for 1000 reps of loop 2 = 4.268418
########################################################
Number of threads: 6.  Schedule type: static, Chunk size: 1
Loop 1 check: Sum of xx is 8806547.757320
Total time for 1000 reps of loop 1 = 2.203349
Loop 2 check: zz is 6100.290115
Total time for 1000 reps of loop 2 = 4.322585
########################################################
Number of threads: 6.  Schedule type: static, Chunk size: 1
Loop 1 check: Sum of xx is 8806547.757320
Total time for 1000 reps of loop 1 = 2.187210
Loop 2 check: zz is 6100.290115
Total time for 1000 reps of loop 2 = 4.331019
########################################################
Number of threads: 6.  Schedule type: static, Chunk size: 1
Loop 1 check: Sum of xx is 8806547.757320
Total time for 1000 reps of loop 1 = 2.171735
Loop 2 check: zz is 6100.290115
Total time for 1000 reps of loop 2 = 4.334422
########################################################
Number of threads: 6.  Schedule type: static, Chunk size: 1
Loop 1 check: Sum of xx is 8806547.757320
Total time for 1000 reps of loop 1 = 2.208433
Loop 2 check: zz is 6100.290115
Total time for 1000 reps of loop 2 = 4.323981
########################################################
Number of threads: 6.  Schedule type: static, Chunk size: 2
Loop 1 check: Sum of xx is 8806547.757320
Total time for 1000 reps of loop 1 = 2.179085
Loop 2 check: zz is 6100.290115
Total time for 1000 reps of loop 2 = 4.325157
########################################################
Number of threads: 6.  Schedule type: static, Chunk size: 2
Loop 1 check: Sum of xx is 8806547.757320
Total time for 1000 reps of loop 1 = 2.203098
Loop 2 check: zz is 6100.290115
Total time for 1000 reps of loop 2 = 4.133161
########################################################
Number of threads: 6.  Schedule type: static, Chunk size: 2
Loop 1 check: Sum of xx is 8806547.757320
Total time for 1000 reps of loop 1 = 2.162859
Loop 2 check: zz is 6100.290115
Total time for 1000 reps of loop 2 = 4.289347
########################################################
Number of threads: 6.  Schedule type: static, Chunk size: 2
Loop 1 check: Sum of xx is 8806547.757320
Total time for 1000 reps of loop 1 = 2.183650
Loop 2 check: zz is 6100.290115
Total time for 1000 reps of loop 2 = 4.308283
########################################################
Number of threads: 6.  Schedule type: static, Chunk size: 2
Loop 1 check: Sum of xx is 8806547.757320
Total time for 1000 reps of loop 1 = 2.179974
Loop 2 check: zz is 6100.290115
Total time for 1000 reps of loop 2 = 4.118336
########################################################
Number of threads: 6.  Schedule type: static, Chunk size: 4
Loop 1 check: Sum of xx is 8806547.757320
Total time for 1000 reps of loop 1 = 2.191573
Loop 2 check: zz is 6100.290115
Total time for 1000 reps of loop 2 = 4.006043
########################################################
Number of threads: 6.  Schedule type: static, Chunk size: 4
Loop 1 check: Sum of xx is 8806547.757320
Total time for 1000 reps of loop 1 = 2.191097
Loop 2 check: zz is 6100.290115
Total time for 1000 reps of loop 2 = 4.052407
########################################################
Number of threads: 6.  Schedule type: static, Chunk size: 4
Loop 1 check: Sum of xx is 8806547.757320
Total time for 1000 reps of loop 1 = 2.174066
Loop 2 check: zz is 6100.290115
Total time for 1000 reps of loop 2 = 4.156874
########################################################
Number of threads: 6.  Schedule type: static, Chunk size: 4
Loop 1 check: Sum of xx is 8806547.757320
Total time for 1000 reps of loop 1 = 2.154401
Loop 2 check: zz is 6100.290115
Total time for 1000 reps of loop 2 = 4.034980
########################################################
Number of threads: 6.  Schedule type: static, Chunk size: 4
Loop 1 check: Sum of xx is 8806547.757320
Total time for 1000 reps of loop 1 = 2.175508
Loop 2 check: zz is 6100.290115
Total time for 1000 reps of loop 2 = 4.024999
########################################################
Number of threads: 6.  Schedule type: static, Chunk size: 8
Loop 1 check: Sum of xx is 8806547.757320
Total time for 1000 reps of loop 1 = 2.193159
Loop 2 check: zz is 6100.290115
Total time for 1000 reps of loop 2 = 3.150297
########################################################
Number of threads: 6.  Schedule type: static, Chunk size: 8
Loop 1 check: Sum of xx is 8806547.757320
Total time for 1000 reps of loop 1 = 2.176301
Loop 2 check: zz is 6100.290115
Total time for 1000 reps of loop 2 = 3.039799
########################################################
Number of threads: 6.  Schedule type: static, Chunk size: 8
Loop 1 check: Sum of xx is 8806547.757320
Total time for 1000 reps of loop 1 = 2.173074
Loop 2 check: zz is 6100.290115
Total time for 1000 reps of loop 2 = 3.032585
########################################################
Number of threads: 6.  Schedule type: static, Chunk size: 8
Loop 1 check: Sum of xx is 8806547.757320
Total time for 1000 reps of loop 1 = 2.208046
Loop 2 check: zz is 6100.290115
Total time for 1000 reps of loop 2 = 3.282581
########################################################
Number of threads: 6.  Schedule type: static, Chunk size: 8
Loop 1 check: Sum of xx is 8806547.757320
Total time for 1000 reps of loop 1 = 2.163381
Loop 2 check: zz is 6100.290115
Total time for 1000 reps of loop 2 = 3.117277
########################################################
Number of threads: 6.  Schedule type: static, Chunk size: 16
Loop 1 check: Sum of xx is 8806547.757320
Total time for 1000 reps of loop 1 = 2.210492
Loop 2 check: zz is 6100.290115
Total time for 1000 reps of loop 2 = 2.745870
########################################################
Number of threads: 6.  Schedule type: static, Chunk size: 16
Loop 1 check: Sum of xx is 8806547.757320
Total time for 1000 reps of loop 1 = 2.191673
Loop 2 check: zz is 6100.290115
Total time for 1000 reps of loop 2 = 2.633833
########################################################
Number of threads: 6.  Schedule type: static, Chunk size: 16
Loop 1 check: Sum of xx is 8806547.757320
Total time for 1000 reps of loop 1 = 2.192832
Loop 2 check: zz is 6100.290115
Total time for 1000 reps of loop 2 = 2.637748
########################################################
Number of threads: 6.  Schedule type: static, Chunk size: 16
Loop 1 check: Sum of xx is 8806547.757320
Total time for 1000 reps of loop 1 = 2.212584
Loop 2 check: zz is 6100.290115
Total time for 1000 reps of loop 2 = 2.733915
########################################################
Number of threads: 6.  Schedule type: static, Chunk size: 16
Loop 1 check: Sum of xx is 8806547.757320
Total time for 1000 reps of loop 1 = 2.202241
Loop 2 check: zz is 6100.290115
Total time for 1000 reps of loop 2 = 2.721638
########################################################
Number of threads: 6.  Schedule type: static, Chunk size: 32
Loop 1 check: Sum of xx is 8806547.757320
Total time for 1000 reps of loop 1 = 2.300008
Loop 2 check: zz is 6100.290115
Total time for 1000 reps of loop 2 = 4.097370
########################################################
Number of threads: 6.  Schedule type: static, Chunk size: 32
Loop 1 check: Sum of xx is 8806547.757320
Total time for 1000 reps of loop 1 = 2.229583
Loop 2 check: zz is 6100.290115
Total time for 1000 reps of loop 2 = 4.112716
########################################################
Number of threads: 6.  Schedule type: static, Chunk size: 32
Loop 1 check: Sum of xx is 8806547.757320
Total time for 1000 reps of loop 1 = 2.318607
Loop 2 check: zz is 6100.290115
Total time for 1000 reps of loop 2 = 4.104441
########################################################
Number of threads: 6.  Schedule type: static, Chunk size: 32
Loop 1 check: Sum of xx is 8806547.757320
Total time for 1000 reps of loop 1 = 2.200691
Loop 2 check: zz is 6100.290115
Total time for 1000 reps of loop 2 = 4.103934
########################################################
Number of threads: 6.  Schedule type: static, Chunk size: 32
Loop 1 check: Sum of xx is 8806547.757320
Total time for 1000 reps of loop 1 = 2.292085
Loop 2 check: zz is 6100.290115
Total time for 1000 reps of loop 2 = 4.076844
########################################################
Number of threads: 6.  Schedule type: static, Chunk size: 64
Loop 1 check: Sum of xx is 8806547.757320
Total time for 1000 reps of loop 1 = 2.368195
Loop 2 check: zz is 6100.290115
Total time for 1000 reps of loop 2 = 7.166465
########################################################
Number of threads: 6.  Schedule type: static, Chunk size: 64
Loop 1 check: Sum of xx is 8806547.757320
Total time for 1000 reps of loop 1 = 2.373236
Loop 2 check: zz is 6100.290115
Total time for 1000 reps of loop 2 = 7.103204
########################################################
Number of threads: 6.  Schedule type: static, Chunk size: 64
Loop 1 check: Sum of xx is 8806547.757320
Total time for 1000 reps of loop 1 = 2.357792
Loop 2 check: zz is 6100.290115
Total time for 1000 reps of loop 2 = 7.129068
########################################################
Number of threads: 6.  Schedule type: static, Chunk size: 64
Loop 1 check: Sum of xx is 8806547.757320
Total time for 1000 reps of loop 1 = 2.391392
Loop 2 check: zz is 6100.290115
Total time for 1000 reps of loop 2 = 7.170651
########################################################
Number of threads: 6.  Schedule type: static, Chunk size: 64
Loop 1 check: Sum of xx is 8806547.757320
Total time for 1000 reps of loop 1 = 2.316197
Loop 2 check: zz is 6100.290115
Total time for 1000 reps of loop 2 = 7.156533
########################################################
Number of threads: 6.  Schedule type: dynamic, Chunk size: 1
Loop 1 check: Sum of xx is 8806547.757320
Total time for 1000 reps of loop 1 = 2.198944
Loop 2 check: zz is 6100.290115
Total time for 1000 reps of loop 2 = 2.305123
########################################################
Number of threads: 6.  Schedule type: dynamic, Chunk size: 1
Loop 1 check: Sum of xx is 8806547.757320
Total time for 1000 reps of loop 1 = 2.178384
Loop 2 check: zz is 6100.290115
Total time for 1000 reps of loop 2 = 2.252298
########################################################
Number of threads: 6.  Schedule type: dynamic, Chunk size: 1
Loop 1 check: Sum of xx is 8806547.757320
Total time for 1000 reps of loop 1 = 2.191001
Loop 2 check: zz is 6100.290115
Total time for 1000 reps of loop 2 = 2.317242
########################################################
Number of threads: 6.  Schedule type: dynamic, Chunk size: 1
Loop 1 check: Sum of xx is 8806547.757320
Total time for 1000 reps of loop 1 = 2.232269
Loop 2 check: zz is 6100.290115
Total time for 1000 reps of loop 2 = 2.327428
########################################################
Number of threads: 6.  Schedule type: dynamic, Chunk size: 1
Loop 1 check: Sum of xx is 8806547.757320
Total time for 1000 reps of loop 1 = 2.202123
Loop 2 check: zz is 6100.290115
Total time for 1000 reps of loop 2 = 2.323281
########################################################
Number of threads: 6.  Schedule type: dynamic, Chunk size: 2
Loop 1 check: Sum of xx is 8806547.757320
Total time for 1000 reps of loop 1 = 2.172534
Loop 2 check: zz is 6100.290115
Total time for 1000 reps of loop 2 = 2.311385
########################################################
Number of threads: 6.  Schedule type: dynamic, Chunk size: 2
Loop 1 check: Sum of xx is 8806547.757320
Total time for 1000 reps of loop 1 = 2.169557
Loop 2 check: zz is 6100.290115
Total time for 1000 reps of loop 2 = 2.304528
########################################################
Number of threads: 6.  Schedule type: dynamic, Chunk size: 2
Loop 1 check: Sum of xx is 8806547.757320
Total time for 1000 reps of loop 1 = 2.158939
Loop 2 check: zz is 6100.290115
Total time for 1000 reps of loop 2 = 2.234492
########################################################
Number of threads: 6.  Schedule type: dynamic, Chunk size: 2
Loop 1 check: Sum of xx is 8806547.757320
Total time for 1000 reps of loop 1 = 2.179275
Loop 2 check: zz is 6100.290115
Total time for 1000 reps of loop 2 = 2.283127
########################################################
Number of threads: 6.  Schedule type: dynamic, Chunk size: 2
Loop 1 check: Sum of xx is 8806547.757320
Total time for 1000 reps of loop 1 = 2.171260
Loop 2 check: zz is 6100.290115
Total time for 1000 reps of loop 2 = 2.310442
########################################################
Number of threads: 6.  Schedule type: dynamic, Chunk size: 4
Loop 1 check: Sum of xx is 8806547.757320
Total time for 1000 reps of loop 1 = 2.167649
Loop 2 check: zz is 6100.290115
Total time for 1000 reps of loop 2 = 2.279051
########################################################
Number of threads: 6.  Schedule type: dynamic, Chunk size: 4
Loop 1 check: Sum of xx is 8806547.757320
Total time for 1000 reps of loop 1 = 2.163300
Loop 2 check: zz is 6100.290115
Total time for 1000 reps of loop 2 = 2.305320
########################################################
Number of threads: 6.  Schedule type: dynamic, Chunk size: 4
Loop 1 check: Sum of xx is 8806547.757320
Total time for 1000 reps of loop 1 = 2.164658
Loop 2 check: zz is 6100.290115
Total time for 1000 reps of loop 2 = 2.311280
########################################################
Number of threads: 6.  Schedule type: dynamic, Chunk size: 4
Loop 1 check: Sum of xx is 8806547.757320
Total time for 1000 reps of loop 1 = 2.165370
Loop 2 check: zz is 6100.290115
Total time for 1000 reps of loop 2 = 2.301352
########################################################
Number of threads: 6.  Schedule type: dynamic, Chunk size: 4
Loop 1 check: Sum of xx is 8806547.757320
Total time for 1000 reps of loop 1 = 2.182598
Loop 2 check: zz is 6100.290115
Total time for 1000 reps of loop 2 = 2.292305
########################################################
Number of threads: 6.  Schedule type: dynamic, Chunk size: 8
Loop 1 check: Sum of xx is 8806547.757320
Total time for 1000 reps of loop 1 = 2.164083
Loop 2 check: zz is 6100.290115
Total time for 1000 reps of loop 2 = 2.268833
########################################################
Number of threads: 6.  Schedule type: dynamic, Chunk size: 8
Loop 1 check: Sum of xx is 8806547.757320
Total time for 1000 reps of loop 1 = 2.154999
Loop 2 check: zz is 6100.290115
Total time for 1000 reps of loop 2 = 2.314435
########################################################
Number of threads: 6.  Schedule type: dynamic, Chunk size: 8
Loop 1 check: Sum of xx is 8806547.757320
Total time for 1000 reps of loop 1 = 2.184883
Loop 2 check: zz is 6100.290115
Total time for 1000 reps of loop 2 = 2.312202
########################################################
Number of threads: 6.  Schedule type: dynamic, Chunk size: 8
Loop 1 check: Sum of xx is 8806547.757320
Total time for 1000 reps of loop 1 = 2.184920
Loop 2 check: zz is 6100.290115
Total time for 1000 reps of loop 2 = 2.301593
########################################################
Number of threads: 6.  Schedule type: dynamic, Chunk size: 8
Loop 1 check: Sum of xx is 8806547.757320
Total time for 1000 reps of loop 1 = 2.168427
Loop 2 check: zz is 6100.290115
Total time for 1000 reps of loop 2 = 2.304557
########################################################
Number of threads: 6.  Schedule type: dynamic, Chunk size: 16
Loop 1 check: Sum of xx is 8806547.757320
Total time for 1000 reps of loop 1 = 2.194149
Loop 2 check: zz is 6100.290115
Total time for 1000 reps of loop 2 = 2.301160
########################################################
Number of threads: 6.  Schedule type: dynamic, Chunk size: 16
Loop 1 check: Sum of xx is 8806547.757320
Total time for 1000 reps of loop 1 = 2.198643
Loop 2 check: zz is 6100.290115
Total time for 1000 reps of loop 2 = 2.310284
########################################################
Number of threads: 6.  Schedule type: dynamic, Chunk size: 16
Loop 1 check: Sum of xx is 8806547.757320
Total time for 1000 reps of loop 1 = 2.216846
Loop 2 check: zz is 6100.290115
Total time for 1000 reps of loop 2 = 2.303801
########################################################
Number of threads: 6.  Schedule type: dynamic, Chunk size: 16
Loop 1 check: Sum of xx is 8806547.757320
Total time for 1000 reps of loop 1 = 2.208556
Loop 2 check: zz is 6100.290115
Total time for 1000 reps of loop 2 = 2.301440
########################################################
Number of threads: 6.  Schedule type: dynamic, Chunk size: 16
Loop 1 check: Sum of xx is 8806547.757320
Total time for 1000 reps of loop 1 = 2.198135
Loop 2 check: zz is 6100.290115
Total time for 1000 reps of loop 2 = 2.254906
########################################################
Number of threads: 6.  Schedule type: dynamic, Chunk size: 32
Loop 1 check: Sum of xx is 8806547.757320
Total time for 1000 reps of loop 1 = 2.261014
Loop 2 check: zz is 6100.290115
Total time for 1000 reps of loop 2 = 3.280391
########################################################
Number of threads: 6.  Schedule type: dynamic, Chunk size: 32
Loop 1 check: Sum of xx is 8806547.757320
Total time for 1000 reps of loop 1 = 2.260570
Loop 2 check: zz is 6100.290115
Total time for 1000 reps of loop 2 = 3.333587
########################################################
Number of threads: 6.  Schedule type: dynamic, Chunk size: 32
Loop 1 check: Sum of xx is 8806547.757320
Total time for 1000 reps of loop 1 = 2.271444
Loop 2 check: zz is 6100.290115
Total time for 1000 reps of loop 2 = 3.246480
########################################################
Number of threads: 6.  Schedule type: dynamic, Chunk size: 32
Loop 1 check: Sum of xx is 8806547.757320
Total time for 1000 reps of loop 1 = 2.251616
Loop 2 check: zz is 6100.290115
Total time for 1000 reps of loop 2 = 3.344652
########################################################
Number of threads: 6.  Schedule type: dynamic, Chunk size: 32
Loop 1 check: Sum of xx is 8806547.757320
Total time for 1000 reps of loop 1 = 2.262079
Loop 2 check: zz is 6100.290115
Total time for 1000 reps of loop 2 = 3.275030
########################################################
Number of threads: 6.  Schedule type: dynamic, Chunk size: 64
Loop 1 check: Sum of xx is 8806547.757320
Total time for 1000 reps of loop 1 = 2.440320
Loop 2 check: zz is 6100.290115
Total time for 1000 reps of loop 2 = 6.613987
########################################################
Number of threads: 6.  Schedule type: dynamic, Chunk size: 64
Loop 1 check: Sum of xx is 8806547.757320
Total time for 1000 reps of loop 1 = 2.430803
Loop 2 check: zz is 6100.290115
Total time for 1000 reps of loop 2 = 6.558749
########################################################
Number of threads: 6.  Schedule type: dynamic, Chunk size: 64
Loop 1 check: Sum of xx is 8806547.757320
Total time for 1000 reps of loop 1 = 2.413368
Loop 2 check: zz is 6100.290115
Total time for 1000 reps of loop 2 = 6.495656
########################################################
Number of threads: 6.  Schedule type: dynamic, Chunk size: 64
Loop 1 check: Sum of xx is 8806547.757320
Total time for 1000 reps of loop 1 = 2.384744
Loop 2 check: zz is 6100.290115
Total time for 1000 reps of loop 2 = 6.669792
########################################################
Number of threads: 6.  Schedule type: dynamic, Chunk size: 64
Loop 1 check: Sum of xx is 8806547.757320
Total time for 1000 reps of loop 1 = 2.401934
Loop 2 check: zz is 6100.290115
Total time for 1000 reps of loop 2 = 6.615811
########################################################
Number of threads: 6.  Schedule type: guided, Chunk size: 1
Loop 1 check: Sum of xx is 8806547.757320
Total time for 1000 reps of loop 1 = 2.130498
Loop 2 check: zz is 6100.290115
Total time for 1000 reps of loop 2 = 9.303594
########################################################
Number of threads: 6.  Schedule type: guided, Chunk size: 1
Loop 1 check: Sum of xx is 8806547.757320
Total time for 1000 reps of loop 1 = 2.136868
Loop 2 check: zz is 6100.290115
Total time for 1000 reps of loop 2 = 9.027028
########################################################
Number of threads: 6.  Schedule type: guided, Chunk size: 1
Loop 1 check: Sum of xx is 8806547.757320
Total time for 1000 reps of loop 1 = 2.125817
Loop 2 check: zz is 6100.290115
Total time for 1000 reps of loop 2 = 9.062431
########################################################
Number of threads: 6.  Schedule type: guided, Chunk size: 1
Loop 1 check: Sum of xx is 8806547.757320
Total time for 1000 reps of loop 1 = 2.126156
Loop 2 check: zz is 6100.290115
Total time for 1000 reps of loop 2 = 9.253719
########################################################
Number of threads: 6.  Schedule type: guided, Chunk size: 1
Loop 1 check: Sum of xx is 8806547.757320
Total time for 1000 reps of loop 1 = 2.108714
Loop 2 check: zz is 6100.290115
Total time for 1000 reps of loop 2 = 9.005833
########################################################
Number of threads: 6.  Schedule type: guided, Chunk size: 2
Loop 1 check: Sum of xx is 8806547.757320
Total time for 1000 reps of loop 1 = 2.138888
Loop 2 check: zz is 6100.290115
Total time for 1000 reps of loop 2 = 8.848314
########################################################
Number of threads: 6.  Schedule type: guided, Chunk size: 2
Loop 1 check: Sum of xx is 8806547.757320
Total time for 1000 reps of loop 1 = 2.131480
Loop 2 check: zz is 6100.290115
Total time for 1000 reps of loop 2 = 9.363040
########################################################
Number of threads: 6.  Schedule type: guided, Chunk size: 2
Loop 1 check: Sum of xx is 8806547.757320
Total time for 1000 reps of loop 1 = 2.122671
Loop 2 check: zz is 6100.290115
Total time for 1000 reps of loop 2 = 9.318261
########################################################
Number of threads: 6.  Schedule type: guided, Chunk size: 2
Loop 1 check: Sum of xx is 8806547.757320
Total time for 1000 reps of loop 1 = 2.128554
Loop 2 check: zz is 6100.290115
Total time for 1000 reps of loop 2 = 9.337550
########################################################
Number of threads: 6.  Schedule type: guided, Chunk size: 2
Loop 1 check: Sum of xx is 8806547.757320
Total time for 1000 reps of loop 1 = 2.125219
Loop 2 check: zz is 6100.290115
Total time for 1000 reps of loop 2 = 9.128621
########################################################
Number of threads: 6.  Schedule type: guided, Chunk size: 4
Loop 1 check: Sum of xx is 8806547.757320
Total time for 1000 reps of loop 1 = 2.139099
Loop 2 check: zz is 6100.290115
Total time for 1000 reps of loop 2 = 9.275312
########################################################
Number of threads: 6.  Schedule type: guided, Chunk size: 4
Loop 1 check: Sum of xx is 8806547.757320
Total time for 1000 reps of loop 1 = 2.146778
Loop 2 check: zz is 6100.290115
Total time for 1000 reps of loop 2 = 9.343210
########################################################
Number of threads: 6.  Schedule type: guided, Chunk size: 4
Loop 1 check: Sum of xx is 8806547.757320
Total time for 1000 reps of loop 1 = 2.146098
Loop 2 check: zz is 6100.290115
Total time for 1000 reps of loop 2 = 8.891909
########################################################
Number of threads: 6.  Schedule type: guided, Chunk size: 4
Loop 1 check: Sum of xx is 8806547.757320
Total time for 1000 reps of loop 1 = 2.143320
Loop 2 check: zz is 6100.290115
Total time for 1000 reps of loop 2 = 9.092997
########################################################
Number of threads: 6.  Schedule type: guided, Chunk size: 4
Loop 1 check: Sum of xx is 8806547.757320
Total time for 1000 reps of loop 1 = 2.139064
Loop 2 check: zz is 6100.290115
Total time for 1000 reps of loop 2 = 9.048534
########################################################
Number of threads: 6.  Schedule type: guided, Chunk size: 8
Loop 1 check: Sum of xx is 8806547.757320
Total time for 1000 reps of loop 1 = 2.147534
Loop 2 check: zz is 6100.290115
Total time for 1000 reps of loop 2 = 8.801182
########################################################
Number of threads: 6.  Schedule type: guided, Chunk size: 8
Loop 1 check: Sum of xx is 8806547.757320
Total time for 1000 reps of loop 1 = 2.147641
Loop 2 check: zz is 6100.290115
Total time for 1000 reps of loop 2 = 9.330686
########################################################
Number of threads: 6.  Schedule type: guided, Chunk size: 8
Loop 1 check: Sum of xx is 8806547.757320
Total time for 1000 reps of loop 1 = 2.133218
Loop 2 check: zz is 6100.290115
Total time for 1000 reps of loop 2 = 9.354509
########################################################
Number of threads: 6.  Schedule type: guided, Chunk size: 8
Loop 1 check: Sum of xx is 8806547.757320
Total time for 1000 reps of loop 1 = 2.155458
Loop 2 check: zz is 6100.290115
Total time for 1000 reps of loop 2 = 9.127297
########################################################
Number of threads: 6.  Schedule type: guided, Chunk size: 8
Loop 1 check: Sum of xx is 8806547.757320
Total time for 1000 reps of loop 1 = 2.138787
Loop 2 check: zz is 6100.290115
Total time for 1000 reps of loop 2 = 9.342524
########################################################
Number of threads: 6.  Schedule type: guided, Chunk size: 16
Loop 1 check: Sum of xx is 8806547.757320
Total time for 1000 reps of loop 1 = 2.193956
Loop 2 check: zz is 6100.290115
Total time for 1000 reps of loop 2 = 9.039061
########################################################
Number of threads: 6.  Schedule type: guided, Chunk size: 16
Loop 1 check: Sum of xx is 8806547.757320
Total time for 1000 reps of loop 1 = 2.199525
Loop 2 check: zz is 6100.290115
Total time for 1000 reps of loop 2 = 9.070245
########################################################
Number of threads: 6.  Schedule type: guided, Chunk size: 16
Loop 1 check: Sum of xx is 8806547.757320
Total time for 1000 reps of loop 1 = 2.206177
Loop 2 check: zz is 6100.290115
Total time for 1000 reps of loop 2 = 8.940639
########################################################
Number of threads: 6.  Schedule type: guided, Chunk size: 16
Loop 1 check: Sum of xx is 8806547.757320
Total time for 1000 reps of loop 1 = 2.195625
Loop 2 check: zz is 6100.290115
Total time for 1000 reps of loop 2 = 9.385191
########################################################
Number of threads: 6.  Schedule type: guided, Chunk size: 16
Loop 1 check: Sum of xx is 8806547.757320
Total time for 1000 reps of loop 1 = 2.201568
Loop 2 check: zz is 6100.290115
Total time for 1000 reps of loop 2 = 8.953978
########################################################
Number of threads: 6.  Schedule type: guided, Chunk size: 32
Loop 1 check: Sum of xx is 8806547.757320
Total time for 1000 reps of loop 1 = 2.256308
Loop 2 check: zz is 6100.290115
Total time for 1000 reps of loop 2 = 9.254470
########################################################
Number of threads: 6.  Schedule type: guided, Chunk size: 32
Loop 1 check: Sum of xx is 8806547.757320
Total time for 1000 reps of loop 1 = 2.242130
Loop 2 check: zz is 6100.290115
Total time for 1000 reps of loop 2 = 8.875565
########################################################
Number of threads: 6.  Schedule type: guided, Chunk size: 32
Loop 1 check: Sum of xx is 8806547.757320
Total time for 1000 reps of loop 1 = 2.270510
Loop 2 check: zz is 6100.290115
Total time for 1000 reps of loop 2 = 8.672911
########################################################
Number of threads: 6.  Schedule type: guided, Chunk size: 32
Loop 1 check: Sum of xx is 8806547.757320
Total time for 1000 reps of loop 1 = 2.303923
Loop 2 check: zz is 6100.290115
Total time for 1000 reps of loop 2 = 9.352736
########################################################
Number of threads: 6.  Schedule type: guided, Chunk size: 32
Loop 1 check: Sum of xx is 8806547.757320
Total time for 1000 reps of loop 1 = 2.265039
Loop 2 check: zz is 6100.290115
Total time for 1000 reps of loop 2 = 9.310387
########################################################
Number of threads: 6.  Schedule type: guided, Chunk size: 64
Loop 1 check: Sum of xx is 8806547.757320
Total time for 1000 reps of loop 1 = 2.358514
Loop 2 check: zz is 6100.290115
Total time for 1000 reps of loop 2 = 9.216286
########################################################
Number of threads: 6.  Schedule type: guided, Chunk size: 64
Loop 1 check: Sum of xx is 8806547.757320
Total time for 1000 reps of loop 1 = 2.380401
Loop 2 check: zz is 6100.290115
Total time for 1000 reps of loop 2 = 8.581863
########################################################
Number of threads: 6.  Schedule type: guided, Chunk size: 64
Loop 1 check: Sum of xx is 8806547.757320
Total time for 1000 reps of loop 1 = 2.382309
Loop 2 check: zz is 6100.290115
Total time for 1000 reps of loop 2 = 8.946266
########################################################
Number of threads: 6.  Schedule type: guided, Chunk size: 64
Loop 1 check: Sum of xx is 8806547.757320
Total time for 1000 reps of loop 1 = 2.403030
Loop 2 check: zz is 6100.290115
Total time for 1000 reps of loop 2 = 9.297837
########################################################
Number of threads: 6.  Schedule type: guided, Chunk size: 64
Loop 1 check: Sum of xx is 8806547.757320
Total time for 1000 reps of loop 1 = 2.372646
Loop 2 check: zz is 6100.290115
Total time for 1000 reps of loop 2 = 9.330549
